xlpersistentdff.ngc /home/muchacho/workspace/skasa/matt3/blast_0209_dds305/sysgen/sysgen/perl_results.vhd addsb_11_0_dfc9436ad431ee27.vhd addsb_11_0_8f722494c49be5b5.ngc cntr_11_0_ab6ac2cd2e5738fd.vhd cntr_11_0_4762233ff70c041e.vhd bmg_72_4517334a65f39fdf.vhd bmg_72_648cfb7b6fc9d60b.mif addsb_11_0_659f580a46bd900d.vhd bmg_72_51c8ac5d548aeae7.mif cntr_11_0_9cc231de7950d305.ngc cntr_11_0_121582607093004b.ngc cntr_11_0_1f06b71632254894.ngc bmg_72_799be638bda88734.vhd bmg_72_0ab69a8bd13b8f15.ngc bmg_72_51c8ac5d548aeae7.vhd cntr_11_0_0532334f8152a761.ngc addsb_11_0_c0b46a46c1db574d.ngc bmg_72_408f0cc582283812.mif bmg_72_7a7fa6a8949d8574.vhd addsb_11_0_9e23784d6681db0a.ngc bmg_72_eaf53c5f13361cdc.ngc bmg_72_648cfb7b6fc9d60b.vhd cntr_11_0_7cc6334313a1dd18.ngc bmg_72_8d0b8b9df2750ee8.mif bmg_72_60732526a32585a3.mif bmg_72_b355163dcc98d152.mif bmg_72_a9cd3afac42c99fd.mif bmg_72_9054aea18ca2eda6.vhd cntr_11_0_54ae29da2816c092.vhd bmg_72_be7f7464ba730ea5.vhd addsb_11_0_09e321e99dbff748.ngc bmg_72_a9cd3afac42c99fd.ngc bmg_72_7a7fa6a8949d8574.ngc cntr_11_0_7e7fb47e39adf4da.ngc cntr_11_0_1f06b71632254894.vhd bmg_72_110ef86ad32adb7b.vhd bmg_72_cc15fa2ec33bfbe5.mif cntr_11_0_601fed0ddd9eff6a.ngc bmg_72_9054aea18ca2eda6.ngc bmg_72_7c09cebf9f55b760.ngc bmg_72_d030b0e92b1569b0.mif bmg_72_ebbcdb89d25d5e19.vhd cntr_11_0_8ff2683c7d2a611c.ngc cntr_11_0_e2c1b30fd6a18380.ngc bmg_72_0ab69a8bd13b8f15.vhd bmg_72_3171752a0f4cf103.ngc cntr_11_0_62790f857e3f8294.ngc dmg_72_97b1384ea233b22e.vhd cntr_11_0_47f006c1c8a0d9ca.ngc cntr_11_0_479ebaa7cafdbad9.ngc addsb_11_0_c0b46a46c1db574d.vhd cntr_11_0_9cc231de7950d305.vhd addsb_11_0_9a456b1d0df5df75.ngc cntr_11_0_9a633c62b36f8977.vhd cntr_11_0_212a63dac06ff05f.vhd bmg_72_4d9bcbdf9d0508f0.mif addsb_11_0_a271e222f664f5cc.ngc bmg_72_916677c90b373a35.ngc bmg_72_e4dfaca742cb7129.ngc bmg_72_7c09cebf9f55b760.vhd bmg_72_ae0ddec0927f04a0.vhd bmg_72_0ab69a8bd13b8f15.mif cntr_11_0_54ae29da2816c092.ngc dmg_72_97b1384ea233b22e.ngc cntr_11_0_4762233ff70c041e.ngc cntr_11_0_8ff2683c7d2a611c.vhd bmg_72_916677c90b373a35.vhd bmg_72_3323983e8a5ee1ac.vhd bmg_72_34dec6b258cac0f2.ngc bmg_72_328d7e82706216a4.ngc bmg_72_916677c90b373a35.mif cntr_11_0_0532334f8152a761.vhd cntr_11_0_6a79e2c90664744f.vhd cntr_11_0_e2c1b30fd6a18380.vhd bmg_72_71ee2287586fd244.vhd bmg_72_a900d79ebfb489b6.ngc addsb_11_0_09e321e99dbff748.vhd cntr_11_0_dcda492d69e69f28.ngc bmg_72_34dec6b258cac0f2.vhd bmg_72_7c09cebf9f55b760.mif cntr_11_0_66aa4524955422eb.vhd bmg_72_f17ff8bc64ca31f6.mif dmg_72_3e09d2589ef3d23d.vhd dmg_72_469cac73f6852527.vhd cntr_11_0_ce2b8528998e57e3.ngc bmg_72_51c8ac5d548aeae7.ngc bmg_72_3323983e8a5ee1ac.ngc cntr_11_0_ed02d0c03a6c5e46.ngc addsb_11_0_01f20788c65fc765.vhd bmg_72_f17ff8bc64ca31f6.vhd cntr_11_0_91eea2a2e392c322.ngc bmg_72_f17ff8bc64ca31f6.ngc bmg_72_0201af75eef6e019.mif bmg_72_110ef86ad32adb7b.mif bmg_72_eaf53c5f13361cdc.vhd bmg_72_8d0b8b9df2750ee8.ngc bmg_72_eaf53c5f13361cdc.mif bmg_72_be7f7464ba730ea5.ngc bmg_72_5e0d5e3feae7c146.mif cntr_11_0_ab6ac2cd2e5738fd.ngc addsb_11_0_a271e222f664f5cc.vhd cntr_11_0_04135acb4316d2f1.ngc bmg_72_3323983e8a5ee1ac.mif addsb_11_0_6b068b1f5acb71f9.vhd bmg_72_cc15fa2ec33bfbe5.ngc bmg_72_8d0b8b9df2750ee8.vhd bmg_72_cc6309531d66aa85.ngc bmg_72_1e69bed9c31dfa5e.ngc bmg_72_ae0ddec0927f04a0.mif bmg_72_60b34418964c6fd5.ngc cntr_11_0_91eea2a2e392c322.vhd bmg_72_cc6309531d66aa85.mif addsb_11_0_ac5f379d93c57734.ngc bmg_72_71a5af829a75ed2e.ngc bmg_72_4517334a65f39fdf.mif bmg_72_cc6309531d66aa85.vhd bmg_72_328d7e82706216a4.mif addsb_11_0_dfc9436ad431ee27.ngc addsb_11_0_1ac592e103dd6b2d.ngc bmg_72_b355163dcc98d152.ngc bmg_72_5e0d5e3feae7c146.ngc bmg_72_cc15fa2ec33bfbe5.vhd cntr_11_0_f0cd8887791c131a.ngc bmg_72_71a5af829a75ed2e.vhd bmg_72_d030b0e92b1569b0.ngc bmg_72_3171752a0f4cf103.vhd bmg_72_a9cd3afac42c99fd.vhd bmg_72_5aa6ffbd97b0a029.mif cntr_11_0_7e7fb47e39adf4da.vhd addsb_11_0_04b61ccbd787305e.ngc bmg_72_4517334a65f39fdf.ngc bmg_72_59ac5a13d6d08875.ngc bmg_72_408f0cc582283812.ngc cntr_11_0_a3c82ea7e31257cc.ngc cntr_11_0_dcda492d69e69f28.vhd cntr_11_0_601fed0ddd9eff6a.vhd bmg_72_1e69bed9c31dfa5e.mif cntr_11_0_38515b972a28063c.vhd cntr_11_0_f0cd8887791c131a.vhd dmg_72_3e09d2589ef3d23d.ngc dmg_72_469cac73f6852527.mif bmg_72_c4f5525aae3b7cc2.mif cntr_11_0_62790f857e3f8294.vhd bmg_72_e4dfaca742cb7129.vhd cntr_11_0_2446b11135c8d90d.vhd bmg_72_ae0ddec0927f04a0.ngc bmg_72_80b41e07f1b9f9e7.mif bmg_72_34dec6b258cac0f2.mif addsb_11_0_9e23784d6681db0a.vhd cntr_11_0_6a79e2c90664744f.ngc bmg_72_60732526a32585a3.ngc bmg_72_52bfb73575709bd7.mif addsb_11_0_6b068b1f5acb71f9.ngc addsb_11_0_04b61ccbd787305e.vhd bmg_72_799be638bda88734.ngc bmg_72_5aa6ffbd97b0a029.ngc bmg_72_648cfb7b6fc9d60b.ngc cntr_11_0_04135acb4316d2f1.vhd addsb_11_0_659f580a46bd900d.ngc bmg_72_328d7e82706216a4.vhd bmg_72_52bfb73575709bd7.vhd cntr_11_0_66aa4524955422eb.ngc dmg_72_3e09d2589ef3d23d.mif bmg_72_80b41e07f1b9f9e7.ngc bmg_72_408f0cc582283812.vhd bmg_72_5aa6ffbd97b0a029.vhd bmg_72_7a7fa6a8949d8574.mif cntr_11_0_9a633c62b36f8977.ngc bmg_72_0201af75eef6e019.ngc cntr_11_0_479ebaa7cafdbad9.vhd cntr_11_0_7cc6334313a1dd18.vhd bmg_72_799be638bda88734.mif cntr_11_0_bf568bdf3cd9f9c7.ngc bmg_72_a900d79ebfb489b6.mif bmg_72_80b41e07f1b9f9e7.vhd bmg_72_71ee2287586fd244.ngc bmg_72_9054aea18ca2eda6.mif cntr_11_0_5f22a153812a8bc9.vhd cntr_11_0_212a63dac06ff05f.ngc cntr_11_0_1bcc81fd2717e42f.vhd addsb_11_0_1ac592e103dd6b2d.vhd mult_11_2_ae0f890000d3d152.vhd bmg_72_52bfb73575709bd7.ngc bmg_72_be7f7464ba730ea5.mif cntr_11_0_47f006c1c8a0d9ca.vhd cntr_11_0_38515b972a28063c.ngc bmg_72_110ef86ad32adb7b.ngc bmg_72_c4f5525aae3b7cc2.vhd addsb_11_0_01f20788c65fc765.ngc cntr_11_0_1bcc81fd2717e42f.ngc addsb_11_0_9a456b1d0df5df75.vhd cntr_11_0_2446b11135c8d90d.ngc bmg_72_a900d79ebfb489b6.vhd mult_11_2_ae0f890000d3d152.ngc bmg_72_1e69bed9c31dfa5e.vhd dmg_72_469cac73f6852527.ngc bmg_72_ebbcdb89d25d5e19.ngc bmg_72_b355163dcc98d152.vhd cntr_11_0_ce2b8528998e57e3.vhd bmg_72_5e0d5e3feae7c146.vhd bmg_72_0201af75eef6e019.vhd bmg_72_60732526a32585a3.vhd bmg_72_3171752a0f4cf103.mif bmg_72_4d9bcbdf9d0508f0.vhd bmg_72_59ac5a13d6d08875.vhd cntr_11_0_a3c82ea7e31257cc.vhd bmg_72_d030b0e92b1569b0.vhd bmg_72_60b34418964c6fd5.mif bmg_72_71a5af829a75ed2e.mif bmg_72_c4f5525aae3b7cc2.ngc cntr_11_0_121582607093004b.vhd bmg_72_4d9bcbdf9d0508f0.ngc addsb_11_0_8f722494c49be5b5.vhd cntr_11_0_5f22a153812a8bc9.ngc bmg_72_e4dfaca742cb7129.mif bmg_72_59ac5a13d6d08875.mif bmg_72_60b34418964c6fd5.vhd dmg_72_97b1384ea233b22e.mif cntr_11_0_bf568bdf3cd9f9c7.vhd cntr_11_0_ed02d0c03a6c5e46.vhd addsb_11_0_ac5f379d93c57734.vhd bmg_72_ebbcdb89d25d5e19.mif bmg_72_71ee2287586fd244.mif nonleaf_results.vhd synopsis
opened file blast_0209_dds305.vhd
copied addsb_11_0_dfc9436ad431ee27.vhd
copied cntr_11_0_ab6ac2cd2e5738fd.vhd
copied cntr_11_0_4762233ff70c041e.vhd
copied bmg_72_4517334a65f39fdf.vhd
copied addsb_11_0_659f580a46bd900d.vhd
copied bmg_72_799be638bda88734.vhd
copied bmg_72_51c8ac5d548aeae7.vhd
copied bmg_72_7a7fa6a8949d8574.vhd
copied bmg_72_648cfb7b6fc9d60b.vhd
copied bmg_72_9054aea18ca2eda6.vhd
copied cntr_11_0_54ae29da2816c092.vhd
copied bmg_72_be7f7464ba730ea5.vhd
copied cntr_11_0_1f06b71632254894.vhd
copied bmg_72_110ef86ad32adb7b.vhd
copied bmg_72_ebbcdb89d25d5e19.vhd
copied bmg_72_0ab69a8bd13b8f15.vhd
copied dmg_72_97b1384ea233b22e.vhd
copied addsb_11_0_c0b46a46c1db574d.vhd
copied cntr_11_0_9cc231de7950d305.vhd
copied cntr_11_0_9a633c62b36f8977.vhd
copied cntr_11_0_212a63dac06ff05f.vhd
copied bmg_72_7c09cebf9f55b760.vhd
copied bmg_72_ae0ddec0927f04a0.vhd
copied cntr_11_0_8ff2683c7d2a611c.vhd
copied bmg_72_916677c90b373a35.vhd
copied bmg_72_3323983e8a5ee1ac.vhd
copied cntr_11_0_0532334f8152a761.vhd
copied cntr_11_0_6a79e2c90664744f.vhd
copied cntr_11_0_e2c1b30fd6a18380.vhd
copied bmg_72_71ee2287586fd244.vhd
copied addsb_11_0_09e321e99dbff748.vhd
copied bmg_72_34dec6b258cac0f2.vhd
copied cntr_11_0_66aa4524955422eb.vhd
copied dmg_72_3e09d2589ef3d23d.vhd
copied dmg_72_469cac73f6852527.vhd
copied addsb_11_0_01f20788c65fc765.vhd
copied bmg_72_f17ff8bc64ca31f6.vhd
copied bmg_72_eaf53c5f13361cdc.vhd
copied addsb_11_0_a271e222f664f5cc.vhd
copied addsb_11_0_6b068b1f5acb71f9.vhd
copied bmg_72_8d0b8b9df2750ee8.vhd
copied cntr_11_0_91eea2a2e392c322.vhd
copied bmg_72_cc6309531d66aa85.vhd
copied bmg_72_cc15fa2ec33bfbe5.vhd
copied bmg_72_71a5af829a75ed2e.vhd
copied bmg_72_3171752a0f4cf103.vhd
copied bmg_72_a9cd3afac42c99fd.vhd
copied cntr_11_0_7e7fb47e39adf4da.vhd
copied cntr_11_0_dcda492d69e69f28.vhd
copied cntr_11_0_601fed0ddd9eff6a.vhd
copied cntr_11_0_38515b972a28063c.vhd
copied cntr_11_0_f0cd8887791c131a.vhd
copied cntr_11_0_62790f857e3f8294.vhd
copied bmg_72_e4dfaca742cb7129.vhd
copied cntr_11_0_2446b11135c8d90d.vhd
copied addsb_11_0_9e23784d6681db0a.vhd
copied addsb_11_0_04b61ccbd787305e.vhd
copied cntr_11_0_04135acb4316d2f1.vhd
copied bmg_72_328d7e82706216a4.vhd
copied bmg_72_52bfb73575709bd7.vhd
copied bmg_72_408f0cc582283812.vhd
copied bmg_72_5aa6ffbd97b0a029.vhd
copied cntr_11_0_479ebaa7cafdbad9.vhd
copied cntr_11_0_7cc6334313a1dd18.vhd
copied bmg_72_80b41e07f1b9f9e7.vhd
copied cntr_11_0_5f22a153812a8bc9.vhd
copied cntr_11_0_1bcc81fd2717e42f.vhd
copied addsb_11_0_1ac592e103dd6b2d.vhd
copied mult_11_2_ae0f890000d3d152.vhd
copied cntr_11_0_47f006c1c8a0d9ca.vhd
copied bmg_72_c4f5525aae3b7cc2.vhd
copied addsb_11_0_9a456b1d0df5df75.vhd
copied bmg_72_a900d79ebfb489b6.vhd
copied bmg_72_1e69bed9c31dfa5e.vhd
copied bmg_72_b355163dcc98d152.vhd
copied cntr_11_0_ce2b8528998e57e3.vhd
copied bmg_72_5e0d5e3feae7c146.vhd
copied bmg_72_0201af75eef6e019.vhd
copied bmg_72_60732526a32585a3.vhd
copied bmg_72_4d9bcbdf9d0508f0.vhd
copied bmg_72_59ac5a13d6d08875.vhd
copied cntr_11_0_a3c82ea7e31257cc.vhd
copied bmg_72_d030b0e92b1569b0.vhd
copied cntr_11_0_121582607093004b.vhd
copied addsb_11_0_8f722494c49be5b5.vhd
copied bmg_72_60b34418964c6fd5.vhd
copied cntr_11_0_bf568bdf3cd9f9c7.vhd
copied cntr_11_0_ed02d0c03a6c5e46.vhd
copied addsb_11_0_ac5f379d93c57734.vhd
copied /home/muchacho/workspace/skasa/matt3/blast_0209_dds305/sysgen/sysgen/perl_results.vhd
copied nonleaf_results.vhd
